 -- Chosen configuration --
{
    "HSM": null,
    "__separator__": null,
    "additional-repositories": [],
    "archinstall-language": "English",
    "audio": "pulseaudio",
    "bootloader": "systemd-bootctl",
    "config_version": "2.5.1",
    "debug": false,
    "desktop-environment": "sway",
    "gfx_driver": "All open-source (default)",
    "harddrives": [
        "/dev/sda"
    ],
    "hostname": "arch",
    "kernels": [
        "linux",
        "linux-lts"
    ],
    "keyboard-layout": "us",
    "mirror-region": {
        "Brazil": {
            "http://archlinux.c3sl.ufpr.br/$repo/os/$arch": true,
            "http://br.mirror.archlinux-br.org/$repo/os/$arch": true,
            "http://linorg.usp.br/archlinux/$repo/os/$arch": true,
            "http://mirror.ufscar.br/archlinux/$repo/os/$arch": true,
            "https://mirror.ufscar.br/archlinux/$repo/os/$arch": true
        },
        "Canada": {
            "http://archlinux.mirror.rafal.ca/$repo/os/$arch": true,
            "http://mirror.0xem.ma/arch/$repo/os/$arch": true,
            "http://mirror.cedille.club/archlinux/$repo/os/$arch": true,
            "http://mirror.csclub.uwaterloo.ca/archlinux/$repo/os/$arch": true,
            "http://mirror.its.dal.ca/archlinux/$repo/os/$arch": true,
            "http://mirror.scd31.com/arch/$repo/os/$arch": true,
            "http://mirror.xenyth.net/archlinux/$repo/os/$arch": true,
            "http://mirror2.evolution-host.com/archlinux/$repo/os/$arch": true,
            "https://mirror.0xem.ma/arch/$repo/os/$arch": true,
            "https://mirror.csclub.uwaterloo.ca/archlinux/$repo/os/$arch": true,
            "https://mirror.scd31.com/arch/$repo/os/$arch": true,
            "https://mirror.xenyth.net/archlinux/$repo/os/$arch": true,
            "https://mirror2.evolution-host.com/archlinux/$repo/os/$arch": true
        },
        "United Kingdom": {
            "http://archlinux.uk.mirror.allworldit.com/archlinux/$repo/os/$arch": true,
            "http://lon.mirror.rackspace.com/archlinux/$repo/os/$arch": true,
            "http://mirror.netweaver.uk/archlinux/$repo/os/$arch": true,
            "http://mirrors.melbourne.co.uk/archlinux/$repo/os/$arch": true,
            "http://www.mirrorservice.org/sites/ftp.archlinux.org/$repo/os/$arch": true,
            "https://archlinux.uk.mirror.allworldit.com/archlinux/$repo/os/$arch": true,
            "https://lon.mirror.rackspace.com/archlinux/$repo/os/$arch": true,
            "https://mirror.netweaver.uk/archlinux/$repo/os/$arch": true,
            "https://mirrors.melbourne.co.uk/archlinux/$repo/os/$arch": true,
            "https://repo.slithery.uk/$repo/os/$arch": true,
            "https://www.mirrorservice.org/sites/ftp.archlinux.org/$repo/os/$arch": true
        },
        "United States": {
            "http://arch.hu.fo/archlinux/$repo/os/$arch": true,
            "http://arch.mirror.constant.com/$repo/os/$arch": true,
            "http://archmirror1.octyl.net/$repo/os/$arch": true,
            "http://arlm.tyzoid.com/$repo/os/$arch": true,
            "http://codingflyboy.mm.fcix.net/archlinux/$repo/os/$arch": true,
            "http://coresite.mm.fcix.net/archlinux/$repo/os/$arch": true,
            "http://dfw.mirror.rackspace.com/archlinux/$repo/os/$arch": true,
            "http://distro.ibiblio.org/archlinux/$repo/os/$arch": true,
            "http://forksystems.mm.fcix.net/archlinux/$repo/os/$arch": true,
            "http://ftp.osuosl.org/pub/archlinux/$repo/os/$arch": true,
            "http://iad.mirror.rackspace.com/archlinux/$repo/os/$arch": true,
            "http://iad.mirrors.misaka.one/archlinux/$repo/os/$arch": true,
            "http://irltoolkit.mm.fcix.net/archlinux/$repo/os/$arch": true,
            "http://mirror.arizona.edu/archlinux/$repo/os/$arch": true,
            "http://mirror.clarkson.edu/archlinux/$repo/os/$arch": true,
            "http://mirror.cs.pitt.edu/archlinux/$repo/os/$arch": true,
            "http://mirror.cs.vt.edu/pub/ArchLinux/$repo/os/$arch": true,
            "http://mirror.dal10.us.leaseweb.net/archlinux/$repo/os/$arch": true,
            "http://mirror.ette.biz/archlinux/$repo/os/$arch": true,
            "http://mirror.fcix.net/archlinux/$repo/os/$arch": true,
            "http://mirror.fossable.org/archlinux/$repo/os/$arch": true,
            "http://mirror.hackingand.coffee/arch/$repo/os/$arch": true,
            "http://mirror.lty.me/archlinux/$repo/os/$arch": true,
            "http://mirror.math.princeton.edu/pub/archlinux/$repo/os/$arch": true,
            "http://mirror.metrocast.net/archlinux/$repo/os/$arch": true,
            "http://mirror.mia11.us.leaseweb.net/archlinux/$repo/os/$arch": true,
            "http://mirror.phx1.us.spryservers.net/archlinux/$repo/os/$arch": true,
            "http://mirror.pit.teraswitch.com/archlinux/$repo/os/$arch": true,
            "http://mirror.sfo12.us.leaseweb.net/archlinux/$repo/os/$arch": true,
            "http://mirror.siena.edu/archlinux/$repo/os/$arch": true,
            "http://mirror.stephen304.com/archlinux/$repo/os/$arch": true,
            "http://mirror.stjschools.org/arch/$repo/os/$arch": true,
            "http://mirror.umd.edu/archlinux/$repo/os/$arch": true,
            "http://mirror.vtti.vt.edu/archlinux/$repo/os/$arch": true,
            "http://mirror.wdc1.us.leaseweb.net/archlinux/$repo/os/$arch": true,
            "http://mirrors.acm.wpi.edu/archlinux/$repo/os/$arch": true,
            "http://mirrors.advancedhosters.com/archlinux/$repo/os/$arch": true,
            "http://mirrors.bloomu.edu/archlinux/$repo/os/$arch": true,
            "http://mirrors.cat.pdx.edu/archlinux/$repo/os/$arch": true,
            "http://mirrors.gigenet.com/archlinux/$repo/os/$arch": true,
            "http://mirrors.kernel.org/archlinux/$repo/os/$arch": true,
            "http://mirrors.lug.mtu.edu/archlinux/$repo/os/$arch": true,
            "http://mirrors.mit.edu/archlinux/$repo/os/$arch": true,
            "http://mirrors.ocf.berkeley.edu/archlinux/$repo/os/$arch": true,
            "http://mirrors.radwebhosting.com/archlinux/$repo/os/$arch": true,
            "http://mirrors.rit.edu/archlinux/$repo/os/$arch": true,
            "http://mirrors.rutgers.edu/archlinux/$repo/os/$arch": true,
            "http://mirrors.sonic.net/archlinux/$repo/os/$arch": true,
            "http://mirrors.vectair.net/archlinux/$repo/os/$arch": true,
            "http://mirrors.xmission.com/archlinux/$repo/os/$arch": true,
            "http://mirrors.xtom.com/archlinux/$repo/os/$arch": true,
            "http://mnvoip.mm.fcix.net/archlinux/$repo/os/$arch": true,
            "http://ord.mirror.rackspace.com/archlinux/$repo/os/$arch": true,
            "http://plug-mirror.rcac.purdue.edu/archlinux/$repo/os/$arch": true,
            "http://repo.ialab.dsu.edu/archlinux/$repo/os/$arch": true,
            "http://repo.miserver.it.umich.edu/archlinux/$repo/os/$arch": true,
            "http://ridgewireless.mm.fcix.net/archlinux/$repo/os/$arch": true,
            "http://uvermont.mm.fcix.net/archlinux/$repo/os/$arch": true,
            "http://wcbmedia.io:8000/$repo/os/$arch": true,
            "http://www.gtlib.gatech.edu/pub/archlinux/$repo/os/$arch": true,
            "http://ziply.mm.fcix.net/archlinux/$repo/os/$arch": true,
            "https://america.mirror.pkgbuild.com/$repo/os/$arch": true,
            "https://arch.hu.fo/archlinux/$repo/os/$arch": true,
            "https://arch.mirror.constant.com/$repo/os/$arch": true,
            "https://arch.mirror.ivo.st/$repo/os/$arch": true,
            "https://archmirror1.octyl.net/$repo/os/$arch": true,
            "https://arlm.tyzoid.com/$repo/os/$arch": true,
            "https://codingflyboy.mm.fcix.net/archlinux/$repo/os/$arch": true,
            "https://coresite.mm.fcix.net/archlinux/$repo/os/$arch": true,
            "https://dfw.mirror.rackspace.com/archlinux/$repo/os/$arch": true,
            "https://forksystems.mm.fcix.net/archlinux/$repo/os/$arch": true,
            "https://ftp.osuosl.org/pub/archlinux/$repo/os/$arch": true,
            "https://iad.mirror.rackspace.com/archlinux/$repo/os/$arch": true,
            "https://iad.mirrors.misaka.one/archlinux/$repo/os/$arch": true,
            "https://irltoolkit.mm.fcix.net/archlinux/$repo/os/$arch": true,
            "https://m.lqy.me/arch/$repo/os/$arch": true,
            "https://mirror.arizona.edu/archlinux/$repo/os/$arch": true,
            "https://mirror.clarkson.edu/archlinux/$repo/os/$arch": true,
            "https://mirror.dal10.us.leaseweb.net/archlinux/$repo/os/$arch": true,
            "https://mirror.ette.biz/archlinux/$repo/os/$arch": true,
            "https://mirror.fcix.net/archlinux/$repo/os/$arch": true,
            "https://mirror.hackingand.coffee/arch/$repo/os/$arch": true,
            "https://mirror.lty.me/archlinux/$repo/os/$arch": true,
            "https://mirror.mia11.us.leaseweb.net/archlinux/$repo/os/$arch": true,
            "https://mirror.phx1.us.spryservers.net/archlinux/$repo/os/$arch": true,
            "https://mirror.pit.teraswitch.com/archlinux/$repo/os/$arch": true,
            "https://mirror.sfo12.us.leaseweb.net/archlinux/$repo/os/$arch": true,
            "https://mirror.stephen304.com/archlinux/$repo/os/$arch": true,
            "https://mirror.stjschools.org/arch/$repo/os/$arch": true,
            "https://mirror.theash.xyz/arch/$repo/os/$arch": true,
            "https://mirror.tmmworkshop.com/archlinux/$repo/os/$arch": true,
            "https://mirror.umd.edu/archlinux/$repo/os/$arch": true,
            "https://mirror.wdc1.us.leaseweb.net/archlinux/$repo/os/$arch": true,
            "https://mirror.zackmyers.io/archlinux/$repo/os/$arch": true,
            "https://mirror2.sandyriver.net/pub/archlinux/$repo/os/$arch": true,
            "https://mirrors.bloomu.edu/archlinux/$repo/os/$arch": true,
            "https://mirrors.kernel.org/archlinux/$repo/os/$arch": true,
            "https://mirrors.lug.mtu.edu/archlinux/$repo/os/$arch": true,
            "https://mirrors.mit.edu/archlinux/$repo/os/$arch": true,
            "https://mirrors.ocf.berkeley.edu/archlinux/$repo/os/$arch": true,
            "https://mirrors.radwebhosting.com/archlinux/$repo/os/$arch": true,
            "https://mirrors.rit.edu/archlinux/$repo/os/$arch": true,
            "https://mirrors.sonic.net/archlinux/$repo/os/$arch": true,
            "https://mirrors.vectair.net/archlinux/$repo/os/$arch": true,
            "https://mirrors.xtom.com/archlinux/$repo/os/$arch": true,
            "https://mnvoip.mm.fcix.net/archlinux/$repo/os/$arch": true,
            "https://ord.mirror.rackspace.com/archlinux/$repo/os/$arch": true,
            "https://plug-mirror.rcac.purdue.edu/archlinux/$repo/os/$arch": true,
            "https://repo.ialab.dsu.edu/archlinux/$repo/os/$arch": true,
            "https://ridgewireless.mm.fcix.net/archlinux/$repo/os/$arch": true,
            "https://uvermont.mm.fcix.net/archlinux/$repo/os/$arch": true,
            "https://ziply.mm.fcix.net/archlinux/$repo/os/$arch": true,
            "https://zxcvfdsa.com/arch/$repo/os/$arch": true
        }
    },
    "nic": {},
    "no_pkg_lookups": false,
    "ntp": true,
    "offline": false,
    "packages": [
        "dkms",
        "firefox",
        "broadcom-wl-dkms",
        "git",
        "networkmanager"
    ],
    "parallel downloads": 0,
    "profile": {
        "path": "/usr/lib/python3.10/site-packages/archinstall/profiles/desktop.py"
    },
    "save_config": null,
    "script": "guided",
    "silent": false,
    "swap": true,
    "sys-encoding": "UTF-8",
    "sys-language": "en_US",
    "timezone": "America/Edmonton",
    "version": "2.5.1"
}
{
    "/dev/sda": {
        "partitions": [
            {
                "boot": true,
                "encrypted": false,
                "filesystem": {
                    "format": "fat32"
                },
                "mountpoint": "/boot",
                "size": "512MiB",
                "start": "1MiB",
                "type": "primary",
                "wipe": true
            },
            {
                "encrypted": false,
                "filesystem": {
                    "format": "ext4",
                    "mount_options": []
                },
                "mountpoint": "/",
                "size": "20GiB",
                "start": "513MiB",
                "type": "primary",
                "wipe": true
            },
            {
                "encrypted": false,
                "filesystem": {
                    "format": "ext4",
                    "mount_options": []
                },
                "mountpoint": "/home",
                "size": "100%",
                "start": "20GiB",
                "type": "primary",
                "wipe": true
            }
        ],
        "wipe": true
    }
}
